app/build/intermediates/manifest_merge_blame_file/debug/manifest-merger-blame-debug-report.txt
1<?xml version="1.0" encoding="utf-8"?>
2<manifest xmlns:android="http://schemas.android.com/apk/res/android"
3    package="com.maximo.mytaskmanager"
4    android:versionCode="1"
5    android:versionName="1.0" >
6
7    <uses-sdk
8        android:minSdkVersion="24"
8-->src/main/AndroidManifest.xml
9        android:targetSdkVersion="32" />
9-->src/main/AndroidManifest.xml
10
11    <application
11-->src/main/AndroidManifest.xml:5:5-52:19
12        android:allowBackup="true"
12-->src/main/AndroidManifest.xml:6:9-35
13        android:appComponentFactory="androidx.core.app.CoreComponentFactory"
13-->[androidx.core:core:1.8.0] AndroidManifest.xml:24:18-86
14        android:dataExtractionRules="@xml/data_extraction_rules"
14-->src/main/AndroidManifest.xml:7:9-65
15        android:debuggable="true"
16        android:extractNativeLibs="false"
17        android:fullBackupContent="@xml/backup_rules"
17-->src/main/AndroidManifest.xml:8:9-54
18        android:icon="@drawable/background_2"
18-->src/main/AndroidManifest.xml:9:9-46
19        android:label="@string/app_name"
19-->src/main/AndroidManifest.xml:10:9-41
20        android:roundIcon="@drawable/background_2"
20-->src/main/AndroidManifest.xml:11:9-51
21        android:supportsRtl="true"
21-->src/main/AndroidManifest.xml:12:9-35
22        android:theme="@style/Theme.MyTaskManager" >
22-->src/main/AndroidManifest.xml:13:9-51
23        <activity
23-->src/main/AndroidManifest.xml:15:9-21:20
24            android:name="com.maximo.mytaskmanager.activities.SettingsPage"
24-->src/main/AndroidManifest.xml:16:13-52
25            android:exported="false" >
25-->src/main/AndroidManifest.xml:17:13-37
26            <meta-data
26-->src/main/AndroidManifest.xml:18:13-20:36
27                android:name="android.app.lib_name"
27-->src/main/AndroidManifest.xml:19:17-52
28                android:value="" />
28-->src/main/AndroidManifest.xml:20:17-33
29        </activity>
30        <activity
30-->src/main/AndroidManifest.xml:22:9-28:20
31            android:name="com.maximo.mytaskmanager.activities.TaskDetailPage"
31-->src/main/AndroidManifest.xml:23:13-54
32            android:exported="false" >
32-->src/main/AndroidManifest.xml:24:13-37
33            <meta-data
33-->src/main/AndroidManifest.xml:18:13-20:36
34                android:name="android.app.lib_name"
34-->src/main/AndroidManifest.xml:19:17-52
35                android:value="" />
35-->src/main/AndroidManifest.xml:20:17-33
36        </activity>
37        <activity
37-->src/main/AndroidManifest.xml:29:9-31:40
38            android:name="com.maximo.mytaskmanager.activities.AllTasks"
38-->src/main/AndroidManifest.xml:30:13-48
39            android:exported="false" />
39-->src/main/AndroidManifest.xml:31:13-37
40        <activity
40-->src/main/AndroidManifest.xml:32:9-34:40
41            android:name="com.maximo.mytaskmanager.activities.AddTask"
41-->src/main/AndroidManifest.xml:33:13-47
42            android:exported="false" />
42-->src/main/AndroidManifest.xml:34:13-37
43        <activity
43-->src/main/AndroidManifest.xml:35:9-47:20
44            android:name="com.maximo.mytaskmanager.activities.MainActivity"
44-->src/main/AndroidManifest.xml:36:13-52
45            android:exported="true" >
45-->src/main/AndroidManifest.xml:37:13-36
46            <intent-filter>
46-->src/main/AndroidManifest.xml:38:13-42:29
47                <action android:name="android.intent.action.MAIN" />
47-->src/main/AndroidManifest.xml:39:17-69
47-->src/main/AndroidManifest.xml:39:25-66
48
49                <category android:name="android.intent.category.LAUNCHER" />
49-->src/main/AndroidManifest.xml:41:17-77
49-->src/main/AndroidManifest.xml:41:27-74
50            </intent-filter>
51
52            <meta-data
52-->src/main/AndroidManifest.xml:18:13-20:36
53                android:name="android.app.lib_name"
53-->src/main/AndroidManifest.xml:19:17-52
54                android:value="" />
54-->src/main/AndroidManifest.xml:20:17-33
55        </activity>
56
57        <meta-data
57-->src/main/AndroidManifest.xml:49:9-51:57
58            android:name="preloaded_fonts"
58-->src/main/AndroidManifest.xml:50:13-43
59            android:resource="@array/preloaded_fonts" />
59-->src/main/AndroidManifest.xml:51:13-54
60
61        <service
61-->[androidx.room:room-runtime:2.4.3] AndroidManifest.xml:25:9-28:40
62            android:name="androidx.room.MultiInstanceInvalidationService"
62-->[androidx.room:room-runtime:2.4.3] AndroidManifest.xml:26:13-74
63            android:directBootAware="true"
63-->[androidx.room:room-runtime:2.4.3] AndroidManifest.xml:27:13-43
64            android:exported="false" />
64-->[androidx.room:room-runtime:2.4.3] AndroidManifest.xml:28:13-37
65
66        <provider
66-->[androidx.emoji2:emoji2:1.2.0] AndroidManifest.xml:24:9-32:20
67            android:name="androidx.startup.InitializationProvider"
67-->[androidx.emoji2:emoji2:1.2.0] AndroidManifest.xml:25:13-67
68            android:authorities="com.maximo.mytaskmanager.androidx-startup"
68-->[androidx.emoji2:emoji2:1.2.0] AndroidManifest.xml:26:13-68
69            android:exported="false" >
69-->[androidx.emoji2:emoji2:1.2.0] AndroidManifest.xml:27:13-37
70            <meta-data
70-->[androidx.emoji2:emoji2:1.2.0] AndroidManifest.xml:29:13-31:52
71                android:name="androidx.emoji2.text.EmojiCompatInitializer"
71-->[androidx.emoji2:emoji2:1.2.0] AndroidManifest.xml:30:17-75
72                android:value="androidx.startup" />
72-->[androidx.emoji2:emoji2:1.2.0] AndroidManifest.xml:31:17-49
73            <meta-data
73-->[androidx.lifecycle:lifecycle-process:2.4.1] AndroidManifest.xml:31:13-33:52
74                android:name="androidx.lifecycle.ProcessLifecycleInitializer"
74-->[androidx.lifecycle:lifecycle-process:2.4.1] AndroidManifest.xml:32:17-78
75                android:value="androidx.startup" />
75-->[androidx.lifecycle:lifecycle-process:2.4.1] AndroidManifest.xml:33:17-49
76        </provider>
77    </application>
78
79</manifest>